#
# There is insufficient memory for the Java Runtime Environment to continue.
# Native memory allocation (malloc) failed to allocate 32744 bytes for ChunkPool::allocate
# Possible reasons:
#   The system is out of physical RAM or swap space
#   The process is running with CompressedOops enabled, and the Java Heap may be blocking the growth of the native heap
# Possible solutions:
#   Reduce memory load on the system
#   Increase physical memory or swap space
#   Check if swap backing store is full
#   Decrease Java heap size (-Xmx/-Xms)
#   Decrease number of Java threads
#   Decrease Java thread stack sizes (-Xss)
#   Set larger code cache with -XX:ReservedCodeCacheSize=
#   JVM is running with Unscaled Compressed Oops mode in which the Java heap is
#     placed in the first 4GB address space. The Java Heap base address is the
#     maximum limit for the native heap growth. Please use -XX:HeapBaseMinAddress
#     to set the Java Heap base and to place the Java Heap above 4GB virtual address.
# This output file may be truncated or incomplete.
#
#  Out of Memory Error (allocation.cpp:272), pid=7072, tid=0x00000000000019c8
#
# JRE version: OpenJDK Runtime Environment (8.0_242-b01) (build 1.8.0_242-release-1644-b01)
# Java VM: OpenJDK 64-Bit Server VM (25.242-b01 mixed mode windows-amd64 compressed oops)
# Failed to write core dump. Minidumps are not enabled by default on client versions of Windows
#

---------------  T H R E A D  ---------------

Current thread (0x00000000186ba000):  JavaThread "C2 CompilerThread0" daemon [_thread_in_native, id=6600, stack(0x000000001ac90000,0x000000001ad90000)]

Stack: [0x000000001ac90000,0x000000001ad90000]
[error occurred during error reporting (printing stack bounds), id 0xc0000005]

Native frames: (J=compiled Java code, j=interpreted, Vv=VM code, C=native code)


Current CompileTask:
C2:   7296 3359       4       org.jetbrains.org.objectweb.asm.ClassReader::readMethod (1061 bytes)


---------------  P R O C E S S  ---------------

Java Threads: ( => current thread )
  0x000000001a5bc800 JavaThread "Service Thread" daemon [_thread_blocked, id=9652, stack(0x000000001b090000,0x000000001b190000)]
  0x000000001a52c000 JavaThread "C1 CompilerThread3" daemon [_thread_in_native, id=1368, stack(0x000000001af90000,0x000000001b090000)]
  0x000000001a52d000 JavaThread "C2 CompilerThread2" daemon [_thread_in_native, id=19660, stack(0x000000001ae90000,0x000000001af90000)]
  0x000000001a522000 JavaThread "C2 CompilerThread1" daemon [_thread_in_native, id=20696, stack(0x000000001ad90000,0x000000001ae90000)]
=>0x00000000186ba000 JavaThread "C2 CompilerThread0" daemon [_thread_in_native, id=6600, stack(0x000000001ac90000,0x000000001ad90000)]
  0x000000001a4cc000 JavaThread "Attach Listener" daemon [_thread_blocked, id=11544, stack(0x000000001ab90000,0x000000001ac90000)]
  0x000000001a520000 JavaThread "Signal Dispatcher" daemon [_thread_blocked, id=17024, stack(0x000000001aa90000,0x000000001ab90000)]
  0x000000001a4b0800 JavaThread "Finalizer" daemon [_thread_blocked, id=5732, stack(0x000000001a990000,0x000000001aa90000)]
  0x0000000003728000 JavaThread "Reference Handler" daemon [_thread_blocked, id=8536, stack(0x000000001a890000,0x000000001a990000)]
  0x000000000362e800 JavaThread "main" [_thread_in_Java, id=3200, stack(0x0000000003440000,0x0000000003540000)]

Other Threads:
  0x00000000186a6000 VMThread [stack: 0x000000001a390000,0x000000001a490000] [id=12716]
  0x000000001a5bd000 WatcherThread [stack: 0x000000001b190000,0x000000001b290000] [id=1724]

VM state:not at safepoint (normal execution)

VM Mutex/Monitor currently owned by a thread: None

heap address: 0x0000000081c00000, size: 2020 MB, Compressed Oops mode: 32-bit
Narrow klass base: 0x0000000000000000, Narrow klass shift: 3
Compressed class space size: 1073741824 Address: 0x0000000100000000

Heap:
 PSYoungGen      total 90112K, used 60553K [0x00000000d5f00000, 0x00000000de180000, 0x0000000100000000)
  eden space 66560K, 90% used [0x00000000d5f00000,0x00000000d9a22670,0x00000000da000000)
  from space 23552K, 0% used [0x00000000db580000,0x00000000db580000,0x00000000dcc80000)
  to   space 22016K, 0% used [0x00000000da000000,0x00000000da000000,0x00000000db580000)
 ParOldGen       total 92160K, used 42114K [0x0000000081c00000, 0x0000000087600000, 0x00000000d5f00000)
  object space 92160K, 45% used [0x0000000081c00000,0x0000000084520958,0x0000000087600000)
 Metaspace       used 39202K, capacity 39808K, committed 40152K, reserved 1085440K
  class space    used 4827K, capacity 5010K, committed 5120K, reserved 1048576K

Card table byte_map: [0x0000000012af0000,0x0000000012ef0000] byte_map_base: 0x00000000126e2000

Marking Bits: (ParMarkBitMap*) 0x000000005d50f030
 Begin Bits: [0x00000000139a0000, 0x0000000015930000)
 End Bits:   [0x0000000015930000, 0x00000000178c0000)

Polling page: 0x0000000001880000

CodeCache: size=245760Kb used=11900Kb max_used=11900Kb free=233859Kb
 bounds [0x0000000003730000, 0x00000000042e0000, 0x0000000012730000]
 total_blobs=4015 nmethods=3533 adapters=395
 compilation: enabled

Compilation events (10 events):
Event: 7.285 Thread 0x000000001a52c000 nmethod 3561 0x00000000042d6010 code [0x00000000042d6180, 0x00000000042d6450]
Event: 7.292 Thread 0x000000001a52c000 3562       3       org.jetbrains.kotlin.psi.stubs.elements.KtStubElementType::createPsiFromAst (35 bytes)
Event: 7.292 Thread 0x000000001a52c000 nmethod 3562 0x00000000042d6590 code [0x00000000042d6720, 0x00000000042d6c48]
Event: 7.292 Thread 0x000000001a52c000 3563   !   3       org.jetbrains.kotlin.com.intellij.util.ReflectionUtil::createInstance (43 bytes)
Event: 7.293 Thread 0x000000001a52c000 nmethod 3563 0x00000000042d6d90 code [0x00000000042d6f40, 0x00000000042d7368]
Event: 7.294 Thread 0x000000001a52c000 3564       1       org.jetbrains.kotlin.load.java.structure.impl.classFiles.BinaryJavaField::isEnumEntry (5 bytes)
Event: 7.294 Thread 0x000000001a52c000 nmethod 3564 0x00000000042d7510 code [0x00000000042d7660, 0x00000000042d7770]
Event: 7.294 Thread 0x000000001a52c000 3565       3       java.util.LinkedHashMap::<init> (11 bytes)
Event: 7.294 Thread 0x000000001a52c000 nmethod 3565 0x00000000042d77d0 code [0x00000000042d7960, 0x00000000042d7b68]
Event: 7.294 Thread 0x000000001a52c000 3566   !   3       org.jetbrains.kotlin.storage.LockBasedStorageManager$MapBasedMemoizedFunction::invoke (356 bytes)

GC Heap History (10 events):
Event: 2.807 GC heap before
{Heap before GC invocations=4 (full 1):
 PSYoungGen      total 38400K, used 5101K [0x00000000d5f00000, 0x00000000daa00000, 0x0000000100000000)
  eden space 33280K, 0% used [0x00000000d5f00000,0x00000000d5f00000,0x00000000d7f80000)
  from space 5120K, 99% used [0x00000000d7f80000,0x00000000d847b660,0x00000000d8480000)
  to   space 5120K, 0% used [0x00000000da500000,0x00000000da500000,0x00000000daa00000)
 ParOldGen       total 87552K, used 25239K [0x0000000081c00000, 0x0000000087180000, 0x00000000d5f00000)
  object space 87552K, 28% used [0x0000000081c00000,0x00000000834a5f08,0x0000000087180000)
 Metaspace       used 20706K, capacity 21128K, committed 21248K, reserved 1069056K
  class space    used 2364K, capacity 2536K, committed 2560K, reserved 1048576K
Event: 2.893 GC heap after
Heap after GC invocations=4 (full 1):
 PSYoungGen      total 38400K, used 0K [0x00000000d5f00000, 0x00000000daa00000, 0x0000000100000000)
  eden space 33280K, 0% used [0x00000000d5f00000,0x00000000d5f00000,0x00000000d7f80000)
  from space 5120K, 0% used [0x00000000d7f80000,0x00000000d7f80000,0x00000000d8480000)
  to   space 5120K, 0% used [0x00000000da500000,0x00000000da500000,0x00000000daa00000)
 ParOldGen       total 92160K, used 22189K [0x0000000081c00000, 0x0000000087600000, 0x00000000d5f00000)
  object space 92160K, 24% used [0x0000000081c00000,0x00000000831ab730,0x0000000087600000)
 Metaspace       used 20706K, capacity 21128K, committed 21248K, reserved 1069056K
  class space    used 2364K, capacity 2536K, committed 2560K, reserved 1048576K
}
Event: 3.914 GC heap before
{Heap before GC invocations=5 (full 1):
 PSYoungGen      total 38400K, used 33280K [0x00000000d5f00000, 0x00000000daa00000, 0x0000000100000000)
  eden space 33280K, 100% used [0x00000000d5f00000,0x00000000d7f80000,0x00000000d7f80000)
  from space 5120K, 0% used [0x00000000d7f80000,0x00000000d7f80000,0x00000000d8480000)
  to   space 5120K, 0% used [0x00000000da500000,0x00000000da500000,0x00000000daa00000)
 ParOldGen       total 92160K, used 22189K [0x0000000081c00000, 0x0000000087600000, 0x00000000d5f00000)
  object space 92160K, 24% used [0x0000000081c00000,0x00000000831ab730,0x0000000087600000)
 Metaspace       used 24451K, capacity 24960K, committed 25088K, reserved 1071104K
  class space    used 3115K, capacity 3269K, committed 3328K, reserved 1048576K
Event: 3.923 GC heap after
Heap after GC invocations=5 (full 1):
 PSYoungGen      total 52224K, used 5102K [0x00000000d5f00000, 0x00000000daa00000, 0x0000000100000000)
  eden space 47104K, 0% used [0x00000000d5f00000,0x00000000d5f00000,0x00000000d8d00000)
  from space 5120K, 99% used [0x00000000da500000,0x00000000da9fb998,0x00000000daa00000)
  to   space 5120K, 0% used [0x00000000da000000,0x00000000da000000,0x00000000da500000)
 ParOldGen       total 92160K, used 24073K [0x0000000081c00000, 0x0000000087600000, 0x00000000d5f00000)
  object space 92160K, 26% used [0x0000000081c00000,0x0000000083382778,0x0000000087600000)
 Metaspace       used 24451K, capacity 24960K, committed 25088K, reserved 1071104K
  class space    used 3115K, capacity 3269K, committed 3328K, reserved 1048576K
}
Event: 5.083 GC heap before
{Heap before GC invocations=6 (full 1):
 PSYoungGen      total 52224K, used 52206K [0x00000000d5f00000, 0x00000000daa00000, 0x0000000100000000)
  eden space 47104K, 100% used [0x00000000d5f00000,0x00000000d8d00000,0x00000000d8d00000)
  from space 5120K, 99% used [0x00000000da500000,0x00000000da9fb998,0x00000000daa00000)
  to   space 5120K, 0% used [0x00000000da000000,0x00000000da000000,0x00000000da500000)
 ParOldGen       total 92160K, used 24073K [0x0000000081c00000, 0x0000000087600000, 0x00000000d5f00000)
  object space 92160K, 26% used [0x0000000081c00000,0x0000000083382778,0x0000000087600000)
 Metaspace       used 29833K, capacity 30316K, committed 30592K, reserved 1075200K
  class space    used 3714K, capacity 3852K, committed 3968K, reserved 1048576K
Event: 5.097 GC heap after
Heap after GC invocations=6 (full 1):
 PSYoungGen      total 70144K, used 5103K [0x00000000d5f00000, 0x00000000dcc80000, 0x0000000100000000)
  eden space 65024K, 0% used [0x00000000d5f00000,0x00000000d5f00000,0x00000000d9e80000)
  from space 5120K, 99% used [0x00000000da000000,0x00000000da4fbe80,0x00000000da500000)
  to   space 23552K, 0% used [0x00000000db580000,0x00000000db580000,0x00000000dcc80000)
 ParOldGen       total 92160K, used 34393K [0x0000000081c00000, 0x0000000087600000, 0x00000000d5f00000)
  object space 92160K, 37% used [0x0000000081c00000,0x0000000083d96760,0x0000000087600000)
 Metaspace       used 29833K, capacity 30316K, committed 30592K, reserved 1075200K
  class space    used 3714K, capacity 3852K, committed 3968K, reserved 1048576K
}
Event: 5.794 GC heap before
{Heap before GC invocations=7 (full 1):
 PSYoungGen      total 70144K, used 33917K [0x00000000d5f00000, 0x00000000dcc80000, 0x0000000100000000)
  eden space 65024K, 44% used [0x00000000d5f00000,0x00000000d7b23868,0x00000000d9e80000)
  from space 5120K, 99% used [0x00000000da000000,0x00000000da4fbe80,0x00000000da500000)
  to   space 23552K, 0% used [0x00000000db580000,0x00000000db580000,0x00000000dcc80000)
 ParOldGen       total 92160K, used 34393K [0x0000000081c00000, 0x0000000087600000, 0x00000000d5f00000)
  object space 92160K, 37% used [0x0000000081c00000,0x0000000083d96760,0x0000000087600000)
 Metaspace       used 34650K, capacity 35174K, committed 35416K, reserved 1081344K
  class space    used 4306K, capacity 4465K, committed 4480K, reserved 1048576K
Event: 5.807 GC heap after
Heap after GC invocations=7 (full 1):
 PSYoungGen      total 90112K, used 13002K [0x00000000d5f00000, 0x00000000de180000, 0x0000000100000000)
  eden space 66560K, 0% used [0x00000000d5f00000,0x00000000d5f00000,0x00000000da000000)
  from space 23552K, 55% used [0x00000000db580000,0x00000000dc2329a8,0x00000000dcc80000)
  to   space 22016K, 0% used [0x00000000da000000,0x00000000da000000,0x00000000db580000)
 ParOldGen       total 92160K, used 34401K [0x0000000081c00000, 0x0000000087600000, 0x00000000d5f00000)
  object space 92160K, 37% used [0x0000000081c00000,0x0000000083d98760,0x0000000087600000)
 Metaspace       used 34650K, capacity 35174K, committed 35416K, reserved 1081344K
  class space    used 4306K, capacity 4465K, committed 4480K, reserved 1048576K
}
Event: 5.807 GC heap before
{Heap before GC invocations=8 (full 2):
 PSYoungGen      total 90112K, used 13002K [0x00000000d5f00000, 0x00000000de180000, 0x0000000100000000)
  eden space 66560K, 0% used [0x00000000d5f00000,0x00000000d5f00000,0x00000000da000000)
  from space 23552K, 55% used [0x00000000db580000,0x00000000dc2329a8,0x00000000dcc80000)
  to   space 22016K, 0% used [0x00000000da000000,0x00000000da000000,0x00000000db580000)
 ParOldGen       total 92160K, used 34401K [0x0000000081c00000, 0x0000000087600000, 0x00000000d5f00000)
  object space 92160K, 37% used [0x0000000081c00000,0x0000000083d98760,0x0000000087600000)
 Metaspace       used 34650K, capacity 35174K, committed 35416K, reserved 1081344K
  class space    used 4306K, capacity 4465K, committed 4480K, reserved 1048576K
Event: 5.904 GC heap after
Heap after GC invocations=8 (full 2):
 PSYoungGen      total 90112K, used 0K [0x00000000d5f00000, 0x00000000de180000, 0x0000000100000000)
  eden space 66560K, 0% used [0x00000000d5f00000,0x00000000d5f00000,0x00000000da000000)
  from space 23552K, 0% used [0x00000000db580000,0x00000000db580000,0x00000000dcc80000)
  to   space 22016K, 0% used [0x00000000da000000,0x00000000da000000,0x00000000db580000)
 ParOldGen       total 92160K, used 42114K [0x0000000081c00000, 0x0000000087600000, 0x00000000d5f00000)
  object space 92160K, 45% used [0x0000000081c00000,0x0000000084520958,0x0000000087600000)
 Metaspace       used 34650K, capacity 35174K, committed 35416K, reserved 1081344K
  class space    used 4306K, capacity 4465K, committed 4480K, reserved 1048576K
}

Deoptimization events (10 events):
Event: 6.852 Thread 0x000000000362e800 Uncommon trap: reason=unstable_if action=reinterpret pc=0x0000000004113bf4 method=org.jetbrains.org.objectweb.asm.ClassReader.readUtf(II[C)Ljava/lang/String; @ 41
Event: 6.856 Thread 0x000000000362e800 Uncommon trap: reason=unstable_if action=reinterpret pc=0x00000000041072a0 method=org.jetbrains.org.objectweb.asm.ClassReader.readUtf(II[C)Ljava/lang/String; @ 41
Event: 6.857 Thread 0x000000000362e800 Uncommon trap: reason=unstable_if action=reinterpret pc=0x00000000040b22e0 method=org.jetbrains.org.objectweb.asm.ClassReader.readUtf(II[C)Ljava/lang/String; @ 41
Event: 6.898 Thread 0x000000000362e800 Uncommon trap: reason=bimorphic action=maybe_recompile pc=0x0000000003e1a9b8 method=org.jetbrains.kotlin.protobuf.CodedInputStream.tryRefillBuffer(I)Z @ 177
Event: 6.903 Thread 0x000000000362e800 Uncommon trap: reason=bimorphic action=maybe_recompile pc=0x0000000003e1a9b8 method=org.jetbrains.kotlin.protobuf.CodedInputStream.tryRefillBuffer(I)Z @ 177
Event: 6.978 Thread 0x000000000362e800 Uncommon trap: reason=class_check action=maybe_recompile pc=0x0000000004185918 method=org.jetbrains.kotlin.load.java.structure.impl.classFiles.BinaryClassSignatureParser.parseParameterizedClassRefSignature(Ljava/text/CharacterIterator;Lorg/jetbrains/kotli
Event: 7.000 Thread 0x000000000362e800 Uncommon trap: reason=class_check action=maybe_recompile pc=0x0000000004185918 method=org.jetbrains.kotlin.load.java.structure.impl.classFiles.BinaryClassSignatureParser.parseParameterizedClassRefSignature(Ljava/text/CharacterIterator;Lorg/jetbrains/kotli
Event: 7.000 Thread 0x000000000362e800 Uncommon trap: reason=class_check action=maybe_recompile pc=0x0000000004185918 method=org.jetbrains.kotlin.load.java.structure.impl.classFiles.BinaryClassSignatureParser.parseParameterizedClassRefSignature(Ljava/text/CharacterIterator;Lorg/jetbrains/kotli
Event: 7.006 Thread 0x000000000362e800 Uncommon trap: reason=class_check action=maybe_recompile pc=0x0000000004185918 method=org.jetbrains.kotlin.load.java.structure.impl.classFiles.BinaryClassSignatureParser.parseParameterizedClassRefSignature(Ljava/text/CharacterIterator;Lorg/jetbrains/kotli
Event: 7.246 Thread 0x000000000362e800 Uncommon trap: reason=class_check action=maybe_recompile pc=0x00000000041436f8 method=kotlin.SynchronizedLazyImpl.getValue()Ljava/lang/Object; @ 57

Classes redefined (0 events):
No events

Internal exceptions (10 events):
Event: 2.697 Thread 0x000000000362e800 Exception <a 'java/lang/NoSuchMethodError': java.lang.Object.lambda$static$0(I)[Lorg/jetbrains/kotlin/com/intellij/openapi/editor/event/DocumentListener;> (0x00000000d7a0f550) thrown at [C:\src\AOSP-openjdk-git\hotspot\src\share\vm\interpreter\linkResolve
Event: 2.752 Thread 0x000000000362e800 Exception <a 'java/lang/NoSuchMethodError': java.lang.Object.lambda$static$0(I)[Lorg/jetbrains/kotlin/com/intellij/psi/PsiAnnotation;> (0x00000000d7c45528) thrown at [C:\src\AOSP-openjdk-git\hotspot\src\share\vm\interpreter\linkResolver.cpp, line 620]
Event: 3.010 Thread 0x000000000362e800 Exception <a 'java/lang/NoSuchMethodError': java.lang.Object.lambda$static$0(I)[Lorg/jetbrains/kotlin/com/intellij/psi/PsiElement;> (0x00000000d63669b8) thrown at [C:\src\AOSP-openjdk-git\hotspot\src\share\vm\interpreter\linkResolver.cpp, line 620]
Event: 3.079 Thread 0x000000000362e800 Exception <a 'java/lang/NoSuchMethodError': java.lang.Object.lambda$comparing$77a9974f$1(Ljava/util/function/Function;Ljava/lang/Object;Ljava/lang/Object;)I> (0x00000000d6579138) thrown at [C:\src\AOSP-openjdk-git\hotspot\src\share\vm\interpreter\linkReso
Event: 4.992 Thread 0x000000000362e800 Exception <a 'java/lang/ArrayIndexOutOfBoundsException': 126> (0x00000000d8960578) thrown at [C:\src\AOSP-openjdk-git\hotspot\src\share\vm\interpreter\interpreterRuntime.cpp, line 368]
Event: 4.993 Thread 0x000000000362e800 Exception <a 'java/lang/ArrayIndexOutOfBoundsException': 86> (0x00000000d8961a00) thrown at [C:\src\AOSP-openjdk-git\hotspot\src\share\vm\interpreter\interpreterRuntime.cpp, line 368]
Event: 6.102 Thread 0x000000000362e800 Exception <a 'java/lang/NoSuchMethodError': java.lang.Object.lambda$static$0(I)[Lorg/jetbrains/kotlin/psi/KtExpression;> (0x00000000d6308800) thrown at [C:\src\AOSP-openjdk-git\hotspot\src\share\vm\interpreter\linkResolver.cpp, line 620]
Event: 6.140 Thread 0x000000000362e800 Implicit null exception at 0x0000000003f5d087 to 0x0000000003f5d1c1
Event: 6.314 Thread 0x000000000362e800 Exception <a 'java/lang/NoSuchMethodError': java.lang.Object.lambda$static$0(I)[Lorg/jetbrains/kotlin/psi/KtDeclaration;> (0x00000000d672d348) thrown at [C:\src\AOSP-openjdk-git\hotspot\src\share\vm\interpreter\linkResolver.cpp, line 620]
Event: 6.390 Thread 0x000000000362e800 Exception <a 'java/lang/NoSuchMethodError': java.lang.Object.lambda$static$0(I)[Lorg/jetbrains/kotlin/psi/KtTypeElement;> (0x00000000d68caae0) thrown at [C:\src\AOSP-openjdk-git\hotspot\src\share\vm\interpreter\linkResolver.cpp, line 620]

Events (10 events):
Event: 7.288 loading class org/jetbrains/kotlin/resolve/scopes/TraceBasedLocalRedeclarationChecker
Event: 7.288 loading class org/jetbrains/kotlin/resolve/scopes/TraceBasedLocalRedeclarationChecker done
Event: 7.289 loading class org/jetbrains/kotlin/resolve/scopes/AbstractLocalRedeclarationChecker
Event: 7.289 loading class org/jetbrains/kotlin/resolve/scopes/AbstractLocalRedeclarationChecker done
Event: 7.290 loading class org/jetbrains/kotlin/resolve/scopes/LexicalWritableScope$Snapshot
Event: 7.290 loading class org/jetbrains/kotlin/resolve/scopes/LexicalWritableScope$Snapshot done
Event: 7.292 loading class org/jetbrains/kotlin/descriptors/annotations/AnnotationsKt
Event: 7.292 loading class org/jetbrains/kotlin/descriptors/annotations/AnnotationsKt done
Event: 7.293 loading class org/jetbrains/kotlin/resolve/scopes/MemberScope$DefaultImpls
Event: 7.293 loading class org/jetbrains/kotlin/resolve/scopes/MemberScope$DefaultImpls done


Dynamic libraries:
0x00007ff621700000 - 0x00007ff621731000 	C:\Program Files\Android\Android Studio\jre\jre\bin\java.exe
0x00007ff8ab010000 - 0x00007ff8ab205000 	C:\WINDOWS\SYSTEM32\ntdll.dll
0x00007ff8aa900000 - 0x00007ff8aa9bd000 	C:\WINDOWS\System32\KERNEL32.DLL
0x00007ff8a8750000 - 0x00007ff8a8a18000 	C:\WINDOWS\System32\KERNELBASE.dll
0x00007ff8aaac0000 - 0x00007ff8aab6c000 	C:\WINDOWS\System32\ADVAPI32.dll
0x00007ff8a9e00000 - 0x00007ff8a9e9e000 	C:\WINDOWS\System32\msvcrt.dll
0x00007ff8a92c0000 - 0x00007ff8a935b000 	C:\WINDOWS\System32\sechost.dll
0x00007ff8a9190000 - 0x00007ff8a92bb000 	C:\WINDOWS\System32\RPCRT4.dll
0x00007ff8a9c60000 - 0x00007ff8a9e00000 	C:\WINDOWS\System32\USER32.dll
0x00007ff8a8a20000 - 0x00007ff8a8a42000 	C:\WINDOWS\System32\win32u.dll
0x00007ff8aa460000 - 0x00007ff8aa48a000 	C:\WINDOWS\System32\GDI32.dll
0x00007ff8a8a50000 - 0x00007ff8a8b5b000 	C:\WINDOWS\System32\gdi32full.dll
0x00007ff8a8cc0000 - 0x00007ff8a8d5d000 	C:\WINDOWS\System32\msvcp_win.dll
0x00007ff8a8f20000 - 0x00007ff8a9020000 	C:\WINDOWS\System32\ucrtbase.dll
0x00007ff8a7b70000 - 0x00007ff8a7e0a000 	C:\WINDOWS\WinSxS\amd64_microsoft.windows.common-controls_6595b64144ccf1df_6.0.19041.844_none_ca00b6081b84eb1d\COMCTL32.dll
0x00007ff8aa9c0000 - 0x00007ff8aa9f0000 	C:\WINDOWS\System32\IMM32.DLL
0x000000005cb80000 - 0x000000005cc52000 	C:\Program Files\Android\Android Studio\jre\jre\bin\msvcr100.dll
0x000000005cd40000 - 0x000000005d58b000 	C:\Program Files\Android\Android Studio\jre\jre\bin\server\jvm.dll
0x00007ff8aa0c0000 - 0x00007ff8aa0c8000 	C:\WINDOWS\System32\PSAPI.DLL
0x00007ff896820000 - 0x00007ff896847000 	C:\WINDOWS\SYSTEM32\WINMM.dll
0x00007ff8a0600000 - 0x00007ff8a060a000 	C:\WINDOWS\SYSTEM32\VERSION.dll
0x00007ff893180000 - 0x00007ff893189000 	C:\WINDOWS\SYSTEM32\WSOCK32.dll
0x00007ff8a9bf0000 - 0x00007ff8a9c5b000 	C:\WINDOWS\System32\WS2_32.dll
0x00007ff8930a0000 - 0x00007ff8930af000 	C:\Program Files\Android\Android Studio\jre\jre\bin\verify.dll
0x00007ff88da30000 - 0x00007ff88da59000 	C:\Program Files\Android\Android Studio\jre\jre\bin\java.dll
0x00007ff8920e0000 - 0x00007ff8920f6000 	C:\Program Files\Android\Android Studio\jre\jre\bin\zip.dll
0x00007ff8a9440000 - 0x00007ff8a9b82000 	C:\WINDOWS\System32\SHELL32.dll
0x00007ff8a6230000 - 0x00007ff8a69c0000 	C:\WINDOWS\SYSTEM32\windows.storage.dll
0x00007ff8aa100000 - 0x00007ff8aa455000 	C:\WINDOWS\System32\combase.dll
0x00007ff8a7ad0000 - 0x00007ff8a7afc000 	C:\WINDOWS\SYSTEM32\Wldp.dll
0x00007ff8aad20000 - 0x00007ff8aadce000 	C:\WINDOWS\System32\SHCORE.dll
0x00007ff8a9ea0000 - 0x00007ff8a9ef5000 	C:\WINDOWS\System32\shlwapi.dll
0x00007ff8a8690000 - 0x00007ff8a86af000 	C:\WINDOWS\SYSTEM32\profapi.dll
0x00007ff890000000 - 0x00007ff89001a000 	C:\Program Files\Android\Android Studio\jre\jre\bin\net.dll
0x00007ff8a7830000 - 0x00007ff8a789a000 	C:\WINDOWS\system32\mswsock.dll
0x00007ff8898b0000 - 0x00007ff8898c3000 	C:\Program Files\Android\Android Studio\jre\jre\bin\nio.dll

VM Arguments:
java_command: org.jetbrains.kotlin.cli.jvm.K2JVMCompiler @Z:\androidstudio\chinews_2.1-vercode25or+\app\build\20210528_5933359781700605583.compiler.options
java_class_path (initial): C:\Users\leung\.gradle\caches\modules-2\files-2.1\org.jetbrains.kotlin\kotlin-compiler-embeddable\1.4.31\6451ea797cef544e81f507b0d9959cd97ae09c0\kotlin-compiler-embeddable-1.4.31.jar;C:\Users\leung\.gradle\caches\modules-2\files-2.1\org.jetbrains.kotlin\kotlin-reflect\1.4.31\63db9d66c3d20f7b8f66196e7ba86969daae8b8a\kotlin-reflect-1.4.31.jar;C:\Users\leung\.gradle\caches\modules-2\files-2.1\org.jetbrains.kotlin\kotlin-stdlib\1.4.31\a58e0fb9812a6a93ca24b5da75e4b5a0cb89c957\kotlin-stdlib-1.4.31.jar;C:\Users\leung\.gradle\caches\modules-2\files-2.1\org.jetbrains.kotlin\kotlin-script-runtime\1.4.31\183616b52cfb8ddaa8a2a15bf926e87dfcddcde3\kotlin-script-runtime-1.4.31.jar;C:\Users\leung\.gradle\caches\modules-2\files-2.1\org.jetbrains.kotlin\kotlin-daemon-embeddable\1.4.31\10faf8ac3dd5975ed972b2bc395b4ffc7ffde246\kotlin-daemon-embeddable-1.4.31.jar;C:\Users\leung\.gradle\caches\modules-2\files-2.1\org.jetbrains.intellij.deps\trove4j\1.0.20181211\216c2e14b070f334479d800987affe4054cd563f\trove4j-1.0.20181211.jar;C:\Users\leung\.gradle\caches\modules-2\files-2.1\org.jetbrains.kotlin\kotlin-stdlib-common\1.4.31\6dd50665802f54ba9bc3f70ecb20227d1bc81323\kotlin-stdlib-common-1.4.31.jar;C:\Users\leung\.gradle\caches\modules-2\files-2.1\org.jetbrains\annotations\13.0\919f0dfe192fb4e063e7dacadee7f8bb9a2672a9\annotations-13.0.jar;C:\Program Files\Android\Android Studio\jre\lib\tools.jar
Launcher Type: SUN_STANDARD

Environment Variables:
JAVA_HOME=C:\Program Files\Java\jre1.8.0_281
PATH=C:\Program Files\Common Files\Oracle\Java\javapath;C:\Program Files (x86)\Common Files\Oracle\Java\javapath;C:\Windows\system32;C:\Windows;C:\Windows\System32\Wbem;C:\Windows\System32\WindowsPowerShell\v1.0\;C:\Windows\System32\OpenSSH\;C:\Program Files\NVIDIA Corporation\NVIDIA NvDLISR;C:\Program Files (x86)\NVIDIA Corporation\PhysX\Common;C:\Users\leung\Downloads\platform-tools;%JAVA_HOME%\bin;%JDK%\bin;C:\Users\leung\AppData\Local\Programs\Python\Python36\Scripts\;C:\Users\leung\AppData\Local\Programs\Python\Python36\;;C:\WINDOWS\system32;C:\WINDOWS;C:\WINDOWS\System32\Wbem;C:\WINDOWS\System32\WindowsPowerShell\v1.0\;C:\WINDOWS\System32\OpenSSH\;C:\Users\leung\AppData\Local\Programs\Python\Python36\Scripts\;C:\Users\leung\AppData\Local\Programs\Python\Python36\;C:\Users\leung\AppData\Local\Microsoft\WindowsApps;C:\Users\leung\AppData\Local\Programs\Microsoft VS Code\bin;
USERNAME=leung
OS=Windows_NT
PROCESSOR_IDENTIFIER=Intel64 Family 6 Model 142 Stepping 10, GenuineIntel



---------------  S Y S T E M  ---------------

OS: Windows 10.0 , 64 bit Build 19041 (10.0.19041.928)

CPU:total 8 (initial active 8) (4 cores per cpu, 2 threads per core) family 6 model 142 stepping 10, cmov, cx8, fxsr, mmx, sse, sse2, sse3, ssse3, sse4.1, sse4.2, popcnt, avx, avx2, aes, clmul, erms, 3dnowpref, lzcnt, ht, tsc, tscinvbit, bmi1, bmi2, adx

Memory: 4k page, physical 8269924k(290708k free), swap 33435748k(4332k free)

vm_info: OpenJDK 64-Bit Server VM (25.242-b01) for windows-amd64 JRE (1.8.0_242-release-1644-b01), built by "builder" with MS VC++ 10.0 (VS2010)

time: Fri May 28 22:10:37 2021
timezone: 中國標準時間
elapsed time: 7 seconds (0d 0h 0m 7s)

